2020-03-18T06:03:38+00:00 CRITICAL Uncaught Error: Class 'Walker_Nav_Menu_Dropdown' not found in /Applications/MAMP/htdocs/vesple/wp-content/themes/vesple/index.php:26
Stack trace:
#0 /Applications/MAMP/htdocs/vesple/wp-includes/template-loader.php(98): include()
#1 /Applications/MAMP/htdocs/vesple/wp-blog-header.php(19): require_once('/Applications/M...')
#2 /Applications/MAMP/htdocs/vesple/index.php(17): require('/Applications/M...')
#3 {main}
  thrown in /Applications/MAMP/htdocs/vesple/wp-content/themes/vesple/index.php on line 26

2020-03-18T06:04:40+00:00 CRITICAL Uncaught Error: Call to a member function has_session() on null in /Applications/MAMP/htdocs/vesple/wp-content/plugins/woocommerce-social-login/includes/hybridauth/class-hybrid-storage.php:46
Stack trace:
#0 /Applications/MAMP/htdocs/vesple/wp-content/plugins/woocommerce-social-login/vendor/hybridauth/hybridauth/hybridauth/Hybrid/Auth.php(117): Hybrid_Storage->__construct()
#1 /Applications/MAMP/htdocs/vesple/wp-content/plugins/woocommerce-social-login/vendor/hybridauth/hybridauth/hybridauth/Hybrid/Auth.php(55): Hybrid_Auth::initialize(Array)
#2 /Applications/MAMP/htdocs/vesple/wp-content/plugins/woocommerce-social-login/includes/class-wc-social-login-hybridauth.php(224): Hybrid_Auth->__construct(Array)
#3 /Applications/MAMP/htdocs/vesple/wp-content/plugins/woocommerce-social-login/includes/class-wc-social-login-hybridauth.php(200): WC_Social_Login_HybridAuth->load_hybridauth()
#4 /Applications/MAMP/htdocs/vesple/wp-includes/class-wp-hook.php(288): WC_Social_Login_HybridAuth->logout('')
#5 /Applications/MAMP/ in /Applications/MAMP/htdocs/vesple/wp-content/plugins/woocommerce-social-login/includes/hybridauth/class-hybrid-storage.php on line 46

2020-03-18T06:05:48+00:00 CRITICAL Uncaught Error: Call to a member function has_session() on null in /Applications/MAMP/htdocs/vesple/wp-content/plugins/woocommerce-social-login/includes/hybridauth/class-hybrid-storage.php:46
Stack trace:
#0 /Applications/MAMP/htdocs/vesple/wp-content/plugins/woocommerce-social-login/vendor/hybridauth/hybridauth/hybridauth/Hybrid/Auth.php(117): Hybrid_Storage->__construct()
#1 /Applications/MAMP/htdocs/vesple/wp-content/plugins/woocommerce-social-login/vendor/hybridauth/hybridauth/hybridauth/Hybrid/Auth.php(55): Hybrid_Auth::initialize(Array)
#2 /Applications/MAMP/htdocs/vesple/wp-content/plugins/woocommerce-social-login/includes/class-wc-social-login-hybridauth.php(224): Hybrid_Auth->__construct(Array)
#3 /Applications/MAMP/htdocs/vesple/wp-content/plugins/woocommerce-social-login/includes/class-wc-social-login-hybridauth.php(200): WC_Social_Login_HybridAuth->load_hybridauth()
#4 /Applications/MAMP/htdocs/vesple/wp-includes/class-wp-hook.php(288): WC_Social_Login_HybridAuth->logout('')
#5 /Applications/MAMP/ in /Applications/MAMP/htdocs/vesple/wp-content/plugins/woocommerce-social-login/includes/hybridauth/class-hybrid-storage.php on line 46

2020-03-18T17:05:10+00:00 CRITICAL Uncaught Error: Class 'Walker_Nav_Menu_Dropdown' not found in /Applications/MAMP/htdocs/vesple/wp-content/themes/vesple/index.php:26
Stack trace:
#0 /Applications/MAMP/htdocs/vesple/wp-includes/template-loader.php(98): include()
#1 /Applications/MAMP/htdocs/vesple/wp-blog-header.php(19): require_once('/Applications/M...')
#2 /Applications/MAMP/htdocs/vesple/index.php(17): require('/Applications/M...')
#3 {main}
  thrown in /Applications/MAMP/htdocs/vesple/wp-content/themes/vesple/index.php on line 26

2020-03-18T17:11:01+00:00 CRITICAL Uncaught Error: Class 'Walker_Nav_Menu_Dropdown' not found in /Applications/MAMP/htdocs/vesple/wp-content/themes/vesple/index.php:26
Stack trace:
#0 /Applications/MAMP/htdocs/vesple/wp-includes/template-loader.php(98): include()
#1 /Applications/MAMP/htdocs/vesple/wp-blog-header.php(19): require_once('/Applications/M...')
#2 /Applications/MAMP/htdocs/vesple/index.php(17): require('/Applications/M...')
#3 {main}
  thrown in /Applications/MAMP/htdocs/vesple/wp-content/themes/vesple/index.php on line 26

